0	19990	10	0	0	0	
1	19985.4	12.5503	1.11032	0.936592	0.00236474	
2	19979.6	15.7495	2.4312	2.16832	0.00551192	
3	19972.4	19.7617	4.02081	3.7647	0.00962881	
4	19963.4	24.7921	5.95171	5.81319	0.0149507	
5	19952.1	31.0969	8.31435	8.42364	0.0217731	
6	19938	38.9954	11.2215	11.7338	0.0304659	
7	19920.3	48.8849	14.8139	15.9161	0.0414926	
8	19898.2	61.2584	19.2665	21.1861	0.0554319	
9	19870.6	76.7263	24.7968	27.8127	0.0730062	
10	19836.1	96.041	31.6749	36.1306	0.0951146	
11	19793	120.126	40.2349	46.5556	0.122874	
12	19739.2	150.107	50.8885	59.6022	0.157668	
13	19672.4	187.349	64.1415	75.9051	0.201202	
14	19589.4	233.484	80.6109	96.2433	0.255574	
15	19486.6	290.448	101.045	121.567	0.323343	
16	19359.7	360.493	126.342	153.029	0.407617	
17	19204	445.94	157.547	191.993	0.512085	
18	19013.7	549.708	195.896	240.086	0.641153	
19	18782.4	674.74	242.803	299.209	0.799985	
20	18503.6	823.971	299.851	371.543	0.994526	
21	18170.4	1000.07	368.754	459.534	1.23148	
22	17776.3	1205.06	451.295	565.852	1.5182	
23	17315.7	1439.89	549.223	693.307	1.86253	
24	16785	1703.89	664.115	844.731	2.27244	
25	16182.9	1994.31	797.202	1022.8	2.75567	
26	15511.7	2305.95	949.171	1229.86	3.31915	
27	14777.4	2631.02	1119.98	1467.64	3.96847	
28	13990	2959.43	1308.69	1737.13	4.70731	
29	13163.3	3279.42	1513.4	2038.35	5.53697	
30	12313.5	3578.56	1731.21	2370.26	6.45613	
31	11458.4	3844.97	1958.37	2730.78	7.46072	
32	10615.7	4068.45	2190.47	3116.85	8.54418	
33	9801.47	4241.48	2422.73	3524.62	9.69779	
34	9029.41	4359.71	2650.29	3949.68	10.9113	
35	8309.92	4422.13	2868.52	4387.27	12.1733	
36	7649.99	4430.69	3073.26	4832.59	13.4723	
37	7053.41	4389.82	3261.02	5280.95	14.7967	
38	6521.14	4305.64	3429.08	5728.01	16.1356	
39	6051.97	4185.24	3575.51	6169.8	17.4791	
40	5643.07	4036.05	3699.19	6602.87	18.8181	
41	5290.57	3865.29	3799.69	7024.3	20.1449	
42	4990.04	3679.63	3877.21	7431.67	21.4531	
43	4736.81	3484.96	3932.44	7823.06	22.7371	
44	4526.26	3286.27	3966.48	8197	23.9926	
45	4353.99	3087.66	3980.74	8552.39	25.2161	
46	4215.9	2892.38	3976.79	8888.53	26.4052	
47	4108.25	2702.89	3956.33	9204.97	27.558	
48	4027.68	2520.99	3921.11	9501.54	28.6732	
49	3971.19	2347.92	3872.88	9778.26	29.75	
50	3936.12	2184.43	3813.34	10035.3	30.7883	
51	3920.12	2030.93	3744.1	10273.1	31.788	
52	3921.18	1887.47	3666.69	10491.9	32.7494	
53	3937.36	1754.04	3582.53	10692.4	33.6732	
54	3967.06	1630.36	3492.92	10875.1	34.5601	
55	4008.87	1516.04	3399.05	11040.6	35.4109	
56	4061.51	1410.61	3301.97	11189.7	36.2267	
57	4123.96	1313.47	3202.64	11322.9	37.0084	
58	4195.14	1224.19	3101.89	11441	37.7573	
59	4274.15	1142.22	3000.47	11544.7	38.4744	
60	4360.18	1067.04	2899.02	11634.6	39.161	
61	4452.49	998.137	2798.09	11711.5	39.8181	
62	4550.42	935.032	2698.17	11775.9	40.4471	
63	4653.36	877.261	2599.66	11828.7	41.0489	
64	4760.76	824.389	2502.9	11870.3	41.6249	
65	4872.12	776.014	2408.18	11901.5	42.1761	
66	4986.89	731.844	2315.73	11922.8	42.7037	
67	5104.73	691.44	2225.75	11934.9	43.2087	
68	5225.25	654.486	2138.36	11938.2	43.6921	
69	5348.09	620.691	2053.7	11933.4	44.1551	
70	5472.92	589.789	1971.82	11920.9	44.5985	
71	5599.43	561.54	1892.79	11901.2	45.0234	
72	5727.33	535.722	1816.63	11874.9	45.4306	
73	5856.36	512.137	1743.36	11842.3	45.821	
74	5986.27	490.601	1672.97	11804	46.1955	
75	6116.82	470.951	1605.43	11760.2	46.555	
76	6247.8	453.037	1540.72	11711.5	46.9001	
77	6379.01	436.726	1478.79	11658.2	47.2317	
78	6510.26	421.896	1419.58	11600.7	47.5505	
79	6641.36	408.437	1363.06	11539.3	47.8571	
80	6772.16	396.25	1309.14	11474.3	48.1523	
81	6902.49	385.248	1257.77	11406.1	48.4367	
82	7032.2	375.349	1208.88	11334.9	48.711	
83	7161.16	366.483	1162.39	11261	48.9756	
84	7289.22	358.587	1118.24	11184.7	49.2313	
85	7416.26	351.602	1076.35	11106.3	49.4785	
86	7542.16	345.48	1036.66	11026	49.7177	
87	7666.81	340.174	999.087	10944	49.9496	
88	7790.08	335.647	963.567	10860.5	50.1745	
89	7911.88	331.863	930.031	10775.8	50.3929	
90	8032.09	328.792	898.412	10690.1	50.6053	
91	8150.63	326.411	868.646	10603.5	50.8122	
92	8267.37	324.695	840.671	10516.2	51.0139	
93	8382.24	323.629	814.428	10428.5	51.211	
94	8495.14	323.197	789.86	10340.4	51.4036	
95	8605.97	323.389	766.913	10252.1	51.5924	
96	8714.63	324.196	745.534	10163.9	51.7775	
97	8821.04	325.612	725.677	10075.7	51.9595	
98	8925.1	327.636	707.295	9987.83	52.1387	
99	9026.72	330.268	690.345	9900.35	52.3154	
100	9125.81	333.509	674.789	9813.4	52.4899	
101	9222.26	337.365	660.589	9727.12	52.6626	
102	9315.99	341.842	647.712	9641.62	52.8339	
103	9406.89	346.95	636.127	9557.03	53.0041	
104	9494.87	352.699	625.808	9473.45	53.1735	
105	9579.82	359.103	616.728	9391.01	53.3424	
106	9661.63	366.176	608.867	9309.82	53.5112	
107	9740.2	373.934	602.206	9229.98	53.6802	
108	9815.43	382.395	596.727	9151.6	53.8497	
109	9887.19	391.577	592.419	9074.79	54.02	
110	9955.38	401.501	589.27	8999.66	54.1915	
111	10019.9	412.187	587.272	8926.31	54.3645	
112	10080.5	423.656	586.419	8854.84	54.5394	
113	10137.3	435.929	586.707	8785.36	54.7164	
114	10190	449.028	588.135	8717.97	54.896	
115	10238.5	462.975	590.704	8652.78	55.0784	
116	10282.6	477.788	594.416	8589.88	55.264	
117	10322.4	493.487	599.275	8529.39	55.4531	
118	10357.6	510.088	605.285	8471.4	55.6462	
119	10388.1	527.607	612.452	8416.01	55.8435	
120	10413.8	546.054	620.784	8363.34	56.0455	
121	10434.5	565.438	630.287	8313.47	56.2525	
122	10450.3	585.761	640.968	8266.52	56.4649	
123	10460.9	607.022	652.832	8222.58	56.683	
124	10466.2	629.213	665.885	8181.75	56.9072	
125	10466.3	652.32	680.13	8144.12	57.1378	
126	10460.9	676.32	695.569	8109.79	57.3753	
127	10450.1	701.183	712.2	8078.85	57.62	
128	10433.9	726.869	730.017	8051.37	57.8722	
129	10412.1	753.329	749.012	8027.45	58.1322	
130	10384.8	780.503	769.172	8007.15	58.4005	
131	10352	808.321	790.477	7990.54	58.6772	
132	10313.8	836.7	812.901	7977.67	58.9628	
133	10270.2	865.548	836.414	7968.59	59.2574	
134	10221.4	894.76	860.977	7963.35	59.5613	
135	10167.4	924.221	886.543	7961.96	59.8748	
136	10108.5	953.805	913.057	7964.43	60.198	
137	10044.9	983.376	940.457	7970.78	60.531	
138	9976.69	1012.79	968.67	7980.97	60.874	
139	9904.27	1041.9	997.617	7994.99	61.227	
140	9827.88	1070.54	1027.21	8012.78	61.5902	
141	9747.85	1098.56	1057.35	8034.27	61.9634	
142	9664.53	1125.8	1087.93	8059.39	62.3466	
143	9578.29	1152.09	1118.84	8088.03	62.7397	
144	9489.53	1177.28	1149.96	8120.09	63.1426	
145	9398.64	1201.21	1181.17	8155.42	63.555	
146	9306.07	1223.75	1212.33	8193.87	63.9767	
147	9212.23	1244.75	1243.32	8235.29	64.4074	
148	9117.58	1264.1	1274	8279.48	64.8467	
149	9022.54	1281.69	1304.23	8326.25	65.2944	
150	8927.54	1297.43	1333.88	8375.39	65.7499	
151	8833.03	1311.24	1362.82	8426.7	66.2128	
152	8739.39	1323.08	1390.91	8479.93	66.6826	
153	8647.05	1332.9	1418.04	8534.85	67.1588	
154	8556.35	1340.68	1444.09	8591.23	67.6408	
155	8467.67	1346.43	1468.95	8648.82	68.1282	
156	8381.34	1350.16	1492.51	8707.38	68.6203	
157	8297.64	1351.91	1514.69	8766.65	69.1165	
158	8216.86	1351.73	1535.41	8826.39	69.6163	
159	8139.23	1349.69	1554.59	8886.37	70.119	
160	8064.98	1345.87	1572.18	8946.34	70.6242	
161	7994.29	1340.35	1588.14	9006.09	71.1311	
162	7927.31	1333.24	1602.43	9065.38	71.6393	
163	7864.17	1324.64	1615.02	9124.02	72.1481	
164	7804.96	1314.68	1625.91	9181.79	72.6572	
165	7749.76	1303.45	1635.1	9238.52	73.1659	
166	7698.62	1291.1	1642.59	9294.01	73.6737	
167	7651.56	1277.73	1648.41	9348.12	74.1802	
168	7608.59	1263.46	1652.59	9400.68	74.685	
169	7569.67	1248.42	1655.17	9451.55	75.1876	
170	7534.79	1232.72	1656.18	9500.62	75.6877	
171	7503.88	1216.47	1655.7	9547.77	76.1849	
172	7476.89	1199.77	1653.77	9592.89	76.6789	
173	7453.73	1182.74	1650.45	9635.91	77.1693	
174	7434.31	1165.46	1645.83	9676.75	77.656	
175	7418.53	1148.02	1639.96	9715.35	78.1386	
176	7406.28	1130.51	1632.93	9751.66	78.617	
177	7397.46	1113.01	1624.81	9785.64	79.0909	
178	7391.93	1095.58	1615.68	9817.26	79.5602	
179	7389.57	1078.29	1605.61	9846.5	80.0248	
180	7390.25	1061.2	1594.69	9873.37	80.4846	
181	7393.84	1044.37	1582.99	9897.86	80.9394	
182	7400.21	1027.83	1570.6	9919.97	81.3892	
183	7409.21	1011.64	1557.58	9939.74	81.8339	
184	7420.72	995.822	1544.01	9957.18	82.2736	
185	7434.6	980.415	1529.96	9972.32	82.7082	
186	7450.71	965.445	1515.5	9985.21	83.1376	
187	7468.91	950.936	1500.71	9995.88	83.562	
188	7489.08	936.908	1485.64	10004.4	83.9814	
189	7511.07	923.376	1470.36	10010.8	84.3958	
190	7534.77	910.355	1454.92	10015.1	84.8052	
191	7560.05	897.854	1439.38	10017.5	85.2098	
192	7586.77	885.882	1423.8	10017.9	85.6096	
193	7614.81	874.443	1408.23	10016.5	86.0048	
194	7644.06	863.542	1392.7	10013.3	86.3953	
195	7674.4	853.181	1377.27	10008.4	86.7814	
196	7705.7	843.359	1361.99	10001.8	87.1632	
197	7737.86	834.076	1346.87	9993.65	87.5407	
198	7770.77	825.329	1331.97	9984.01	87.9142	
199	7804.33	817.115	1317.32	9972.95	88.2836	
200	7838.42	809.43	1302.94	9960.56	88.6493	
