0	19990	10	0	0	0	
1	19985.9	12.2553	1.01386	0.799269	0.00218469	
2	19981	15.0183	2.18767	1.834	0.0050479	
3	19974.9	18.4028	3.56206	3.15173	0.00872984	
4	19967.4	22.548	5.18641	4.81105	0.013403	
5	19958.4	27.6236	7.12085	6.88402	0.0192792	
6	19947.2	33.8368	9.43862	9.45917	0.0266184	
7	19933.7	41.4403	12.229	12.645	0.0357391	
8	19917	50.7413	15.6006	16.5744	0.0470313	
9	19896.7	62.1134	19.6859	21.4101	0.0609718	
10	19871.9	76.0094	24.646	27.3504	0.0781427	
11	19841.6	92.9772	30.6768	34.6378	0.0992544	
12	19804.6	113.677	38.0161	43.5671	0.125172	
13	19759.5	138.903	46.9519	54.4971	0.156947	
14	19704.5	169.604	57.8324	67.8627	0.195856	
15	19637.6	206.907	71.077	84.1903	0.243444	
16	19556.3	252.141	87.1893	104.115	0.301575	
17	19457.6	306.862	106.771	128.398	0.372491	
18	19338.2	372.863	130.536	157.954	0.458875	
19	19194.1	452.186	159.326	193.866	0.563923	
20	19020.7	547.107	194.126	237.415	0.691412	
21	18812.9	660.097	236.071	290.101	0.845776	
22	18565.1	793.741	286.455	353.662	1.03216	
23	18271.3	950.611	346.723	430.085	1.25648	
24	17925.4	1133.06	418.454	521.604	1.52539	
25	17521.2	1342.92	503.316	630.683	1.8463	
26	17053.6	1581.19	603.003	759.971	2.22721	
27	16518.4	1847.52	719.133	912.217	2.67652	
28	15913.7	2139.83	853.109	1090.16	3.20273	
29	15240.1	2453.79	1005.95	1296.37	3.81396	
30	14501.7	2782.61	1178.11	1533.04	4.51748	
31	13706.7	3116.97	1369.24	1801.78	5.319	
32	12866.9	3445.38	1578.08	2103.39	6.22211	
33	11997.9	3754.93	1802.3	2437.67	7.22771	
34	11117.4	4032.43	2038.5	2803.29	8.3336	
35	10244.6	4265.77	2282.32	3197.79	9.5344	
36	9397.69	4445.2	2528.68	3617.6	10.8216	
37	8593.08	4564.37	2772.06	4058.3	12.1843	
38	7843.8	4620.84	3006.94	4514.81	13.6094	
39	7159.04	4616.02	3228.13	4981.73	15.0829	
40	6544.06	4554.66	3431.07	5453.63	16.5903	
41	6000.52	4443.96	3612.11	5925.3	18.1177	
42	5527.21	4292.58	3768.59	6391.97	19.6519	
43	5120.77	4109.74	3898.88	6849.43	21.1813	
44	4776.48	3904.42	4002.3	7294.11	22.6955	
45	4488.9	3684.82	4079.02	7723.07	24.1862	
46	4252.35	3458.08	4129.91	8134.02	25.6461	
47	4061.28	3230.08	4156.37	8525.2	27.0699	
48	3910.47	3005.49	4160.19	8895.4	28.4533	
49	3795.13	2787.84	4143.42	9243.82	29.7931	
50	3711.01	2579.64	4108.22	9570.04	31.0874	
51	3654.32	2382.59	4056.82	9873.93	32.3347	
52	3621.76	2197.69	3991.39	10155.6	33.5345	
53	3610.44	2025.39	3914.03	10415.5	34.6867	
54	3617.85	1865.75	3826.72	10653.9	35.7916	
55	3641.83	1718.53	3731.29	10871.5	36.85	
56	3680.46	1583.28	3629.4	11069	37.8627	
57	3732.1	1459.4	3522.57	11247.1	38.8309	
58	3795.3	1346.22	3412.15	11406.6	39.7559	
59	3868.77	1243.01	3299.32	11548.3	40.6391	
60	3951.38	1149.04	3185.13	11673	41.482	
61	4042.14	1063.57	3070.48	11781.5	42.2862	
62	4140.15	985.914	2956.15	11874.7	43.053	
63	4244.61	915.392	2842.8	11953.4	43.7842	
64	4354.79	851.375	2730.98	12018.4	44.4812	
65	4470.05	793.279	2621.17	12070.4	45.1455	
66	4589.79	740.562	2513.73	12110.1	45.7787	
67	4713.48	692.725	2408.98	12138.4	46.3822	
68	4840.62	649.315	2307.17	12155.9	46.9574	
69	4970.77	609.918	2208.47	12163.3	47.5057	
70	5103.51	574.158	2113.02	12161.3	48.0284	
71	5238.47	541.697	2020.92	12150.4	48.5268	
72	5375.29	512.227	1932.24	12131.2	49.0022	
73	5513.67	485.473	1847	12104.4	49.4557	
74	5653.29	461.185	1765.2	12070.4	49.8886	
75	5793.89	439.142	1686.82	12029.8	50.3018	
76	5935.21	419.142	1611.83	11983.1	50.6964	
77	6077.02	401.005	1540.19	11930.7	51.0735	
78	6219.09	384.572	1471.81	11873.1	51.4341	
79	6361.22	369.697	1406.64	11810.7	51.779	
80	6503.21	356.251	1344.59	11743.8	52.1091	
81	6644.9	344.12	1285.58	11673	52.4253	
82	6786.11	333.202	1229.51	11598.5	52.7284	
83	6926.69	323.403	1176.29	11520.6	53.0191	
84	7066.48	314.643	1125.83	11439.7	53.2983	
85	7205.36	306.849	1078.03	11356.2	53.5665	
86	7343.19	299.958	1032.8	11270.2	53.8245	
87	7479.85	293.912	990.037	11182.1	54.073	
88	7615.22	288.662	949.659	11092.2	54.3125	
89	7749.18	284.163	911.571	11000.5	54.5435	
90	7881.64	280.379	875.685	10907.5	54.7668	
91	8012.48	277.276	841.915	10813.3	54.9829	
92	8141.61	274.826	810.18	10718.2	55.1921	
93	8268.94	273.005	780.4	10622.3	55.3952	
94	8394.36	271.794	752.5	10525.8	55.5924	
95	8517.79	271.178	726.406	10428.8	55.7844	
96	8639.14	271.143	702.052	10331.7	55.9715	
97	8758.32	271.682	679.371	10234.5	56.1542	
98	8875.25	272.788	658.302	10137.3	56.3329	
99	8989.82	274.458	638.789	10040.4	56.508	
100	9101.96	276.694	620.777	9943.89	56.68	
101	9211.57	279.498	604.217	9847.87	56.8491	
102	9318.57	282.876	589.062	9752.48	57.0158	
103	9422.86	286.836	575.271	9657.86	57.1804	
104	9524.34	291.388	562.805	9564.12	57.3434	
105	9622.93	296.546	551.629	9471.39	57.505	
106	9718.52	302.325	541.712	9379.78	57.6657	
107	9811	308.744	533.026	9289.4	57.8258	
108	9900.28	315.821	525.547	9200.37	57.9856	
109	9986.24	323.58	519.256	9112.78	58.1455	
110	10068.8	332.043	514.135	9026.75	58.3059	
111	10147.7	341.238	510.17	8942.39	58.467	
112	10223	351.191	507.352	8859.79	58.6294	
113	10294.5	361.933	505.675	8779.07	58.7933	
114	10362.1	373.493	505.133	8700.33	58.9591	
115	10425.6	385.905	505.728	8623.67	59.1272	
116	10484.8	399.201	507.461	8549.2	59.2979	
117	10539.7	413.414	510.338	8477.03	59.4717	
118	10590.1	428.579	514.368	8407.26	59.649	
119	10635.9	444.73	519.561	8340.01	59.83	
120	10676.8	461.899	525.931	8275.38	60.0154	
121	10712.7	480.118	533.492	8213.49	60.2054	
122	10743.5	499.417	542.261	8154.45	60.4006	
123	10768.9	519.824	552.258	8098.38	60.6013	
124	10788.9	541.361	563.502	8045.4	60.808	
125	10803.3	564.049	576.012	7995.61	61.0211	
126	10811.9	587.9	589.81	7949.14	61.2412	
127	10814.6	612.922	604.915	7906.12	61.4687	
128	10811.2	639.115	621.346	7866.65	61.704	
129	10801.6	666.468	639.121	7830.85	61.9477	
130	10785.7	694.963	658.255	7798.84	62.2001	
131	10763.5	724.567	678.758	7770.74	62.4619	
132	10734.8	755.236	700.638	7746.64	62.7334	
133	10699.5	786.913	723.896	7726.66	63.0151	
134	10657.7	819.524	748.529	7710.9	63.3075	
135	10609.4	852.98	774.526	7699.44	63.611	
136	10554.7	887.174	801.866	7692.37	63.926	
137	10493.5	921.985	830.522	7689.75	64.2528	
138	10426	957.27	860.454	7691.64	64.5919	
139	10352.5	992.872	891.611	7698.1	64.9436	
140	10273	1028.62	923.934	7709.13	65.3081	
141	10187.9	1064.31	957.346	7724.76	65.6856	
142	10097.4	1099.76	991.76	7744.97	66.0763	
143	10002	1134.74	1027.08	7769.73	66.4804	
144	9901.9	1169.04	1063.18	7798.99	66.8978	
145	9797.65	1202.41	1099.94	7832.67	67.3286	
146	9689.7	1234.63	1137.23	7870.67	67.7727	
147	9578.56	1265.47	1174.88	7912.86	68.2299	
148	9464.76	1294.7	1212.74	7959.1	68.7	
149	9348.87	1322.11	1250.63	8009.21	69.1827	
150	9231.47	1347.49	1288.38	8062.99	69.6777	
151	9113.16	1370.66	1325.79	8120.21	70.1844	
152	8994.52	1391.45	1362.69	8180.64	70.7023	
153	8876.16	1409.73	1398.88	8244.01	71.231	
154	8758.66	1425.38	1434.16	8310.03	71.7696	
155	8642.58	1438.31	1468.37	8378.42	72.3176	
156	8528.47	1448.49	1501.32	8448.86	72.8742	
157	8416.84	1455.87	1532.83	8521.03	73.4386	
158	8308.17	1460.47	1562.76	8594.6	74.0099	
159	8202.9	1462.32	1590.95	8669.25	74.5874	
160	8101.44	1461.48	1617.26	8744.64	75.1702	
161	8004.14	1458.05	1641.6	8820.45	75.7573	
162	7911.32	1452.14	1663.85	8896.34	76.3481	
163	7823.23	1443.88	1683.94	8972	76.9414	
164	7740.1	1433.42	1701.8	9047.13	77.5367	
165	7662.12	1420.92	1717.4	9121.43	78.1329	
166	7589.4	1406.56	1730.69	9194.62	78.7293	
167	7522.06	1390.5	1741.69	9266.42	79.325	
168	7460.14	1372.95	1750.39	9336.6	79.9195	
169	7403.66	1354.07	1756.83	9404.92	80.512	
170	7352.62	1334.06	1761.05	9471.17	81.1017	
171	7306.96	1313.09	1763.09	9535.16	81.6881	
172	7266.64	1291.34	1763.03	9596.72	82.2707	
173	7231.55	1268.96	1760.95	9655.69	82.8488	
174	7201.59	1246.13	1756.94	9711.93	83.4221	
175	7176.62	1222.97	1751.08	9765.34	83.99	
176	7156.51	1199.64	1743.49	9815.81	84.5523	
177	7141.1	1176.25	1734.26	9863.27	85.1084	
178	7130.23	1152.93	1723.52	9907.66	85.6583	
179	7123.73	1129.77	1711.37	9948.93	86.2015	
180	7121.4	1106.87	1697.93	9987.06	86.7379	
181	7123.08	1084.31	1683.32	10022	87.2674	
182	7128.57	1062.17	1667.65	10053.8	87.7897	
183	7137.69	1040.5	1651.03	10082.5	88.3047	
184	7150.25	1019.37	1633.57	10108	88.8125	
185	7166.05	998.814	1615.38	10130.4	89.3129	
186	7184.92	978.879	1596.58	10149.8	89.8059	
187	7206.66	959.596	1577.24	10166.2	90.2916	
188	7231.1	940.988	1557.48	10179.7	90.7699	
189	7258.04	923.078	1537.39	10190.2	91.241	
190	7287.33	905.88	1517.05	10198	91.7049	
191	7318.77	889.404	1496.54	10203.1	92.1618	
192	7352.21	873.657	1475.95	10205.6	92.6116	
193	7387.47	858.644	1455.34	10205.5	93.0546	
194	7424.4	844.363	1434.79	10203	93.491	
195	7462.83	830.813	1414.36	10198.1	93.9207	
196	7502.62	817.989	1394.1	10190.9	94.3442	
197	7543.62	805.886	1374.07	10181.7	94.7614	
198	7585.68	794.494	1354.32	10170.3	95.1726	
199	7628.67	783.807	1334.9	10157	95.5779	
200	7672.44	773.813	1315.85	10141.9	95.9777	
