0	19990	10	0	0	0	
1	19986	12.2388	1.00962	0.794777	0.00198891	
2	19981	14.978	2.1772	1.82215	0.00459171	
3	19975	18.3288	3.54259	3.1287	0.00793426	
4	19967.6	22.4272	5.15418	4.77178	0.0121712	
5	19958.7	27.4389	7.07078	6.8218	0.0174922	
6	19947.7	33.5657	9.36395	9.36517	0.0241297	
7	19934.3	41.0535	12.1208	12.5077	0.0323682	
8	19917.9	50.201	15.4472	16.3787	0.0425555	
9	19898	61.3708	19.472	21.1364	0.0551161	
10	19873.6	75.002	24.352	26.9735	0.0705681	
11	19843.9	91.6253	30.2771	34.125	0.0895426	
12	19807.7	111.88	37.478	42.8767	0.112807	
13	19763.5	136.533	46.2337	53.5757	0.141294	
14	19709.8	166.5	56.8809	66.6423	0.176134	
15	19644.5	202.87	69.8252	82.5848	0.218693	
16	19565.2	246.926	85.5527	102.016	0.270617	
17	19469.2	300.168	104.644	125.67	0.333887	
18	19353	364.328	127.788	154.426	0.41087	
19	19213	441.377	155.796	189.328	0.504383	
20	19044.6	533.517	189.619	231.609	0.617757	
21	18843	643.147	230.35	282.713	0.754898	
22	18602.7	772.79	279.24	344.313	0.920348	
23	18317.9	924.973	337.688	418.322	1.11932	
24	17982.5	1102.04	407.225	506.9	1.3577	
25	17590.6	1305.89	489.478	612.43	1.64206	
26	17136.8	1537.64	586.11	737.484	1.97949	
27	16616.9	1797.2	698.729	884.751	2.37751	
28	16028.6	2082.84	828.754	1056.93	2.84377	
29	15372.1	2390.73	977.266	1256.57	3.38564	
30	14650.6	2714.67	1144.81	1485.9	4.00984	
31	13871.4	3045.98	1331.23	1746.64	4.7218	
32	13045.5	3373.79	1535.45	2039.72	5.52515	
33	12187.4	3685.66	1755.39	2365.17	6.42123	
34	11314.1	3968.62	1987.94	2721.9	7.40865	
35	10444.3	4210.49	2229	3107.73	8.48318	
36	9596.13	4401.12	2473.71	3519.4	9.63781	
37	8786.22	4533.47	2716.73	3952.72	10.8631	
38	8028.17	4604.25	2952.61	4402.83	12.1478	
39	7331.93	4613.97	3176.13	4864.49	13.4793	
40	6703.59	4566.56	3382.65	5332.35	14.8449	
41	6145.63	4468.56	3568.36	5801.23	16.2316	
42	5657.51	4328.16	3730.39	6266.31	17.6275	
43	5236.45	4154.34	3866.88	6723.31	19.0218	
44	4878.13	3956.01	3976.91	7168.55	20.4048	
45	4577.34	3741.46	4060.44	7598.99	21.7685	
46	4328.56	3517.98	4118.16	8012.19	23.1062	
47	4126.29	3291.72	4151.3	8406.28	24.4124	
48	3965.28	3067.58	4161.52	8779.94	25.6832	
49	3840.72	2849.33	4150.78	9132.25	26.9154	
50	3748.27	2639.74	4121.17	9462.71	28.1069	
51	3684.07	2440.7	4074.87	9771.1	29.2563	
52	3644.73	2253.38	4014.04	10057.5	30.3628	
53	3627.3	2078.38	3940.76	10322.1	31.4262	
54	3629.18	1915.89	3857.04	10565.4	32.4468	
55	3648.15	1765.75	3764.7	10788	33.4249	
56	3682.23	1627.58	3665.45	10990.4	34.3615	
57	3729.74	1500.84	3560.82	11173.4	35.2575	
58	3789.17	1384.88	3452.19	11337.6	36.114	
59	3859.2	1279.02	3340.78	11484.1	36.9322	
60	3938.68	1182.53	3227.68	11613.4	37.7134	
61	4026.57	1094.69	3113.81	11726.5	38.4591	
62	4121.95	1014.81	2999.98	11824.1	39.1705	
63	4224.01	942.215	2886.89	11907	39.8491	
64	4332	876.269	2775.12	11976.1	40.4962	
65	4445.25	816.384	2665.16	12032.1	41.1132	
66	4563.15	762.01	2557.41	12075.7	41.7015	
67	4685.16	712.644	2452.21	12107.7	42.2624	
68	4810.78	667.824	2349.81	12128.8	42.7972	
69	4939.54	627.126	2250.43	12139.6	43.3072	
70	5071.03	590.169	2154.21	12140.8	43.7935	
71	5204.85	556.605	2061.27	12133	44.2573	
72	5340.65	526.12	1971.68	12116.8	44.6998	
73	5478.11	498.431	1885.48	12092.9	45.1221	
74	5616.92	473.282	1802.69	12061.6	45.5252	
75	5756.8	450.445	1723.3	12023.6	45.9101	
76	5897.48	429.713	1647.27	11979.3	46.2777	
77	6038.73	410.9	1574.57	11929.2	46.6291	
78	6180.33	393.841	1505.14	11873.7	46.9651	
79	6322.06	378.388	1438.91	11813.4	47.2866	
80	6463.72	364.407	1375.8	11748.5	47.5943	
81	6605.15	351.779	1315.74	11679.4	47.889	
82	6746.16	340.397	1258.63	11606.6	48.1716	
83	6886.59	330.167	1204.39	11530.4	48.4426	
84	7026.31	321.005	1152.92	11451.1	48.7029	
85	7165.16	312.834	1104.13	11368.9	48.9529	
86	7303.01	305.589	1057.93	11284.3	49.1934	
87	7439.74	299.211	1014.22	11197.4	49.425	
88	7575.22	293.646	972.917	11108.6	49.6482	
89	7709.36	288.85	933.926	11018	49.8635	
90	7842.02	284.783	897.159	10926	50.0715	
91	7973.12	281.41	862.533	10832.7	50.2727	
92	8102.55	278.701	829.964	10738.3	50.4675	
93	8230.21	276.631	799.374	10643.1	50.6565	
94	8356.02	275.179	770.685	10547.3	50.8401	
95	8479.87	274.328	743.827	10451	51.0186	
96	8601.68	274.064	718.729	10354.3	51.1925	
97	8721.35	274.377	695.325	10257.6	51.3623	
98	8838.81	275.26	673.555	10160.8	51.5283	
99	8953.97	276.71	653.36	10064.3	51.6908	
100	9066.72	278.725	634.684	9968.02	51.8503	
101	9177	281.308	617.478	9872.21	52.007	
102	9284.7	284.462	601.695	9776.98	52.1614	
103	9389.73	288.194	587.29	9682.47	52.3138	
104	9492.01	292.515	574.225	9588.78	52.4645	
105	9591.44	297.436	562.463	9496.05	52.6139	
106	9687.91	302.971	551.972	9404.39	52.7622	
107	9781.33	309.137	542.724	9313.9	52.9099	
108	9871.6	315.953	534.692	9224.7	53.0572	
109	9958.6	323.44	527.855	9136.9	53.2044	
110	10042.2	331.62	522.195	9050.61	53.3519	
111	10122.4	340.518	517.697	8965.93	53.5	
112	10198.9	350.161	514.349	8882.96	53.649	
113	10271.7	360.577	512.144	8801.81	53.7993	
114	10340.6	371.796	511.076	8722.59	53.9512	
115	10405.5	383.849	511.144	8645.39	54.105	
116	10466.3	396.767	512.348	8570.33	54.261	
117	10522.8	410.584	514.693	8497.5	54.4197	
118	10574.9	425.332	518.185	8427.02	54.5814	
119	10622.4	441.045	522.834	8359	54.7464	
120	10665.1	457.756	528.651	8293.54	54.9151	
121	10703	475.495	535.65	8230.75	55.0879	
122	10735.9	494.293	543.848	8170.74	55.2651	
123	10763.5	514.177	553.261	8113.64	55.4473	
124	10785.7	535.173	563.908	8059.54	55.6347	
125	10802.5	557.299	575.808	8008.58	55.8278	
126	10813.6	580.573	588.981	7960.86	56.027	
127	10818.8	605.002	603.447	7916.5	56.2327	
128	10818.1	630.59	619.224	7875.62	56.4454	
129	10811.3	657.33	636.33	7838.33	56.6654	
130	10798.4	685.208	654.78	7804.76	56.8933	
131	10779.1	714.195	674.586	7775	57.1293	
132	10753.4	744.255	695.757	7749.17	57.3741	
133	10721.4	775.336	718.296	7727.38	57.6279	
134	10682.8	807.372	742.202	7709.72	57.8912	
135	10637.8	840.281	767.467	7696.29	58.1644	
136	10586.3	873.967	794.074	7687.17	58.4478	
137	10528.5	908.316	821.999	7682.43	58.7419	
138	10464.4	943.196	851.208	7682.13	59.0469	
139	10394.2	978.46	881.656	7686.33	59.3631	
140	10318	1013.94	913.288	7695.05	59.6908	
141	10236.1	1049.47	946.036	7708.32	60.0303	
142	10148.8	1084.84	979.818	7726.13	60.3817	
143	10056.4	1119.85	1014.54	7748.46	60.7451	
144	9959.22	1154.28	1050.1	7775.27	61.1206	
145	9857.7	1187.91	1086.38	7806.5	61.5083	
146	9752.28	1220.52	1123.24	7842.05	61.908	
147	9643.46	1251.87	1160.54	7881.81	62.3197	
148	9531.74	1281.74	1198.13	7925.65	62.7432	
149	9417.67	1309.91	1235.83	7973.41	63.1783	
150	9301.81	1336.18	1273.49	8024.9	63.6246	
151	9184.74	1360.36	1310.91	8079.91	64.0818	
152	9067.05	1382.27	1347.91	8138.22	64.5494	
153	8949.33	1401.76	1384.31	8199.57	65.027	
154	8832.15	1418.72	1419.92	8263.7	65.5139	
155	8716.08	1433.03	1454.55	8330.33	66.0097	
156	8601.67	1444.64	1488.04	8399.14	66.5137	
157	8489.44	1453.5	1520.19	8469.84	67.025	
158	8379.88	1459.6	1550.86	8542.11	67.5432	
159	8273.45	1462.97	1579.89	8615.62	68.0673	
160	8170.56	1463.65	1607.15	8690.04	68.5966	
161	8071.6	1461.72	1632.5	8765.06	69.1304	
162	7976.88	1457.26	1655.84	8840.35	69.6679	
163	7886.71	1450.41	1677.09	8915.58	70.2082	
164	7801.31	1441.3	1696.17	8990.47	70.7507	
165	7720.91	1430.08	1713.03	9064.69	71.2945	
166	7645.64	1416.91	1727.63	9137.98	71.8389	
167	7575.63	1401.97	1739.96	9210.06	72.3832	
168	7510.95	1385.44	1750.01	9280.68	72.9266	
169	7451.65	1367.49	1757.8	9349.6	73.4687	
170	7397.73	1348.31	1763.37	9416.59	74.0087	
171	7349.17	1328.07	1766.75	9481.46	74.546	
172	7305.92	1306.95	1768.01	9544.03	75.0801	
173	7267.91	1285.12	1767.22	9604.13	75.6106	
174	7235.04	1262.74	1764.46	9661.63	76.1369	
175	7207.19	1239.95	1759.82	9716.38	76.6587	
176	7184.24	1216.89	1753.4	9768.3	77.1755	
177	7166.03	1193.71	1745.29	9817.29	77.687	
178	7152.42	1170.51	1735.6	9863.27	78.193	
179	7143.24	1147.41	1724.46	9906.2	78.6932	
180	7138.31	1124.5	1711.96	9946.04	79.1873	
181	7137.46	1101.88	1698.22	9982.77	79.6752	
182	7140.51	1079.62	1683.35	10016.4	80.1567	
183	7147.27	1057.78	1667.48	10046.8	80.6318	
184	7157.55	1036.44	1650.7	10074.2	81.1002	
185	7171.17	1015.64	1633.13	10098.5	81.5621	
186	7187.95	995.432	1614.86	10119.7	82.0173	
187	7207.7	975.84	1596.01	10138	82.4658	
188	7230.23	956.9	1576.68	10153.3	82.9077	
189	7255.37	938.634	1556.94	10165.7	83.343	
190	7282.94	921.063	1536.9	10175.3	83.7717	
191	7312.77	904.199	1516.64	10182.2	84.194	
192	7344.68	888.052	1496.24	10186.4	84.6098	
193	7378.52	872.628	1475.77	10188.1	85.0194	
194	7414.11	857.928	1455.31	10187.2	85.4229	
195	7451.31	843.954	1434.92	10184	85.8203	
196	7489.95	830.702	1414.66	10178.5	86.2119	
197	7529.89	818.167	1394.59	10170.8	86.5977	
198	7570.97	806.343	1374.76	10160.9	86.9779	
199	7613.07	795.222	1355.22	10149.1	87.3528	
200	7656.04	784.795	1336.01	10135.4	87.7225	
